2024-09-15 18:00:50 INFO  LockFrame:134 - 检测匹配
2024-09-15 18:00:50 INFO  LockFrame:152 - 密钥匹配成功2024-09-15 18:00:50
2024-09-15 18:03:04 INFO  LockFrame:134 - 检测匹配
2024-09-15 18:03:04 INFO  LockFrame:152 - 密钥匹配成功2024-09-15 18:03:04
2024-09-15 18:03:05 INFO  LightDao:27 - D:\Projects\idea\password-manager
2024-09-15 18:03:09 INFO  MainFrame:336 - 鼠标移入输入框
2024-09-15 18:03:09 INFO  MainFrame:342 - 鼠标移出输入框
2024-09-15 18:03:12 INFO  LightDao:41 - D:\Projects\idea\password-manager\src\main\resources\light_weight_data\1821804864447971328_data.xlsx
2024-09-15 18:03:12 INFO  AddFrame:272 - 新增操作成功
2024-09-15 18:04:03 ERROR SecurityService:230 - 该信息未加密，返回原值计算机软考账号
2024-09-15 18:04:03 ERROR SecurityService:230 - 该信息未加密，返回原值1739659555312238592
2024-09-15 18:04:03 ERROR SecurityService:230 - 该信息未加密，返回原值英语四级ETEST通行证，CET
2024-09-15 18:04:03 ERROR SecurityService:230 - 该信息未加密，返回原值1739659555312238592
2024-09-15 18:04:03 ERROR SecurityService:230 - 该信息未加密，返回原值MONKNOW（谷歌浏览器插件）
2024-09-15 18:04:03 ERROR SecurityService:230 - 该信息未加密，返回原值1739659555312238592
2024-09-15 18:04:03 ERROR SecurityService:230 - 该信息未加密，返回原值Google账号，谷歌邮箱
2024-09-15 18:04:03 ERROR SecurityService:230 - 该信息未加密，返回原值1739659555312238592
2024-09-15 18:04:03 ERROR SecurityService:230 - 该信息未加密，返回原值https://sms-activate.org/#短信接收
2024-09-15 18:04:03 ERROR SecurityService:230 - 该信息未加密，返回原值1739659555312238592
2024-09-15 18:04:03 ERROR SecurityService:230 - 该信息未加密，返回原值知到，智慧树
2024-09-15 18:04:03 ERROR SecurityService:230 - 该信息未加密，返回原值1739659555312238592
2024-09-15 18:04:03 ERROR SecurityService:230 - 该信息未加密，返回原值中国教育考试网，教育部教育考试院，英语四级，计算机二级，Neea
2024-09-15 18:04:03 ERROR SecurityService:230 - 该信息未加密，返回原值1739659555312238592
2024-09-15 18:04:03 ERROR SecurityService:230 - 该信息未加密，返回原值妈手机应用时间限制设置密码
2024-09-15 18:04:03 ERROR SecurityService:230 - 该信息未加密，返回原值1739659555312238592
2024-09-15 18:04:03 ERROR SecurityService:230 - 该信息未加密，返回原值appleid
2024-09-15 18:04:03 ERROR SecurityService:230 - 该信息未加密，返回原值1821464144541384704
2024-09-15 18:04:03 INFO  LightDao:41 - D:\Projects\idea\password-manager\src\main\resources\light_weight_data\1821804864447971328_data.xlsx
2024-09-15 18:04:21 INFO  MainFrame:253 - 监测到鼠标左键
2024-09-15 18:04:23 INFO  MainFrame:259 - 监测到鼠标右键
2024-09-15 18:04:28 INFO  AddFrame:254 - 预备修改：Account{accountId=18, accountName='美和易思课堂（慕课）d', username='~Gp6AmL4ZwH3BQqxZGRkZwV=', password='~GVmAQH5MTDkZGRlZt==', other='null', userKey='1821804864447971328'}
2024-09-15 18:04:28 INFO  LightDao:41 - D:\Projects\idea\password-manager\src\main\resources\light_weight_data\1821804864447971328_data.xlsx
2024-09-15 18:04:28 INFO  AddFrame:258 - 是否修改成功(1为成功)：1
2024-09-15 18:04:28 INFO  AddFrame:272 - 更新操作成功
2024-09-15 18:04:29 ERROR SecurityService:230 - 该信息未加密，返回原值1821804864447971328
2024-09-15 18:04:29 ERROR SecurityService:230 - 该信息未加密，返回原值美和易思课堂（慕课）d
2024-09-15 18:04:36 INFO  MainFrame:253 - 监测到鼠标左键
2024-09-15 18:04:37 INFO  MainFrame:259 - 监测到鼠标右键
2024-09-15 18:04:45 INFO  AddFrame:254 - 预备修改：Account{accountId=170, accountName='广西财经学院支付平台', username='tYde8Yh29X+O8L+6ZGRkZwV=', password='sMPB8LJg8Y5A8nFa8LnMJTExMQRkZGVl', other='null', userKey='1821804864447971328'}
2024-09-15 18:04:45 INFO  LightDao:41 - D:\Projects\idea\password-manager\src\main\resources\light_weight_data\1821804864447971328_data.xlsx
2024-09-15 18:04:45 INFO  AddFrame:258 - 是否修改成功(1为成功)：1
2024-09-15 18:04:45 INFO  AddFrame:272 - 更新操作成功
2024-09-15 18:04:46 ERROR SecurityService:230 - 该信息未加密，返回原值1821804864447971328
2024-09-15 18:04:46 ERROR SecurityService:230 - 该信息未加密，返回原值美和易思课堂（慕课）d
2024-09-15 18:04:46 ERROR SecurityService:230 - 该信息未加密，返回原值1821804864447971328
2024-09-15 18:04:46 ERROR SecurityService:230 - 该信息未加密，返回原值广西财经学院支付平台
2024-09-15 18:04:50 INFO  MainFrame:253 - 监测到鼠标左键
2024-09-15 18:04:50 INFO  MainFrame:259 - 监测到鼠标右键
2024-09-15 18:04:52 INFO  AddFrame:254 - 预备修改：Account{accountId=170, accountName='广西财经学院支付平台', username='tYde8Yh29X+O8L+6ZGRkZwV=', password='sMPB8LJg8Y5A8nFa8LnMJTExMQRkZGVl', other='JSuZGRkZwV=', userKey='1821804864447971328'}
2024-09-15 18:04:52 INFO  LightDao:41 - D:\Projects\idea\password-manager\src\main\resources\light_weight_data\1821804864447971328_data.xlsx
2024-09-15 18:04:52 INFO  AddFrame:258 - 是否修改成功(1为成功)：1
2024-09-15 18:04:52 INFO  AddFrame:272 - 更新操作成功
2024-09-15 18:04:53 ERROR SecurityService:230 - 该信息未加密，返回原值1821804864447971328
2024-09-15 18:04:53 ERROR SecurityService:230 - 该信息未加密，返回原值美和易思课堂（慕课）d
2024-09-15 18:04:53 ERROR SecurityService:230 - 该信息未加密，返回原值1821804864447971328
2024-09-15 18:04:53 ERROR SecurityService:230 - 该信息未加密，返回原值广西财经学院支付平台
2024-09-15 18:07:32 INFO  LockFrame:152 - 密钥匹配成功2024-09-15 18:07:32
2024-09-15 18:07:37 INFO  LightDao:27 - D:\Projects\idea\password-manager
2024-09-15 18:07:37 INFO  LightDao:41 - D:\Projects\idea\password-manager\src\main\resources\light_weight_data\1835259146924982272_data.xlsx
2024-09-15 18:07:37 INFO  LightDao:41 - D:\Projects\idea\password-manager\src\main\resources\light_weight_data\1835259146924982272_data.xlsx
2024-09-15 18:07:37 INFO  AddFrame:272 - 新增操作成功
2024-09-15 18:07:47 INFO  LockFrame:134 - 检测匹配
2024-09-15 18:07:47 INFO  LockFrame:152 - 密钥匹配成功2024-09-15 18:07:47
2024-09-15 18:10:57 INFO  LockFrame:134 - 检测匹配
2024-09-15 18:10:57 INFO  LockFrame:152 - 密钥匹配成功2024-09-15 18:10:57
2024-09-15 18:11:00 INFO  LockFrame:134 - 检测匹配
2024-09-15 18:11:00 INFO  LockFrame:152 - 密钥匹配成功2024-09-15 18:11:00
2024-09-15 18:11:02 INFO  LightDao:27 - D:\Projects\idea\password-manager
2024-09-15 18:11:02 ERROR SecurityService:230 - 该信息未加密，返回原值1821804864447971328
2024-09-15 18:11:02 ERROR SecurityService:230 - 该信息未加密，返回原值美和易思课堂（慕课）d
2024-09-15 18:11:02 ERROR SecurityService:230 - 该信息未加密，返回原值1821804864447971328
2024-09-15 18:11:02 ERROR SecurityService:230 - 该信息未加密，返回原值广西财经学院支付平台
2024-09-15 18:11:06 ERROR SecurityService:230 - 该信息未加密，返回原值1821804864447971328
2024-09-15 18:11:06 ERROR SecurityService:230 - 该信息未加密，返回原值美和易思课堂（慕课）d
2024-09-15 18:11:06 ERROR SecurityService:230 - 该信息未加密，返回原值1821804864447971328
2024-09-15 18:11:06 ERROR SecurityService:230 - 该信息未加密，返回原值广西财经学院支付平台
2024-09-15 18:11:11 INFO  LockFrame:134 - 检测匹配
2024-09-15 18:11:11 INFO  LockFrame:152 - 密钥匹配成功2024-09-15 18:11:11
2024-09-15 18:11:12 ERROR SecurityService:230 - 该信息未加密，返回原值1821804864447971328
2024-09-15 18:11:12 ERROR SecurityService:230 - 该信息未加密，返回原值美和易思课堂（慕课）d
2024-09-15 18:11:12 ERROR SecurityService:230 - 该信息未加密，返回原值1821804864447971328
2024-09-15 18:11:12 ERROR SecurityService:230 - 该信息未加密，返回原值广西财经学院支付平台
2024-09-15 18:11:14 ERROR SecurityService:230 - 该信息未加密，返回原值1821804864447971328
2024-09-15 18:11:14 ERROR SecurityService:230 - 该信息未加密，返回原值美和易思课堂（慕课）d
2024-09-15 18:11:14 ERROR SecurityService:230 - 该信息未加密，返回原值1821804864447971328
2024-09-15 18:11:14 ERROR SecurityService:230 - 该信息未加密，返回原值广西财经学院支付平台
2024-09-15 18:11:18 INFO  LightDao:41 - D:\Projects\idea\password-manager\src\main\resources\light_weight_data\1821804864447971328_data.xlsx
2024-09-15 18:11:18 INFO  AddFrame:272 - 新增操作成功
2024-09-15 18:11:22 ERROR SecurityService:230 - 该信息未加密，返回原值1821804864447971328
2024-09-15 18:11:22 ERROR SecurityService:230 - 该信息未加密，返回原值美和易思课堂（慕课）d
2024-09-15 18:11:22 ERROR SecurityService:230 - 该信息未加密，返回原值1821804864447971328
2024-09-15 18:11:22 ERROR SecurityService:230 - 该信息未加密，返回原值广西财经学院支付平台
2024-09-15 18:11:29 INFO  LockFrame:134 - 检测匹配
2024-09-15 18:11:29 INFO  LockFrame:152 - 密钥匹配成功2024-09-15 18:11:29
2024-09-15 18:11:31 ERROR SecurityService:230 - 该信息未加密，返回原值1821804864447971328
2024-09-15 18:11:31 ERROR SecurityService:230 - 该信息未加密，返回原值美和易思课堂（慕课）d
2024-09-15 18:11:31 ERROR SecurityService:230 - 该信息未加密，返回原值1821804864447971328
2024-09-15 18:11:31 ERROR SecurityService:230 - 该信息未加密，返回原值广西财经学院支付平台
2024-09-15 18:11:45 INFO  LockFrame:134 - 检测匹配
2024-09-15 18:11:45 INFO  LockFrame:152 - 密钥匹配成功2024-09-15 18:11:45
2024-09-15 18:11:46 INFO  LightDao:27 - D:\Projects\idea\password-manager
2024-09-15 18:11:46 ERROR SecurityService:230 - 该信息未加密，返回原值1821804864447971328
2024-09-15 18:11:46 ERROR SecurityService:230 - 该信息未加密，返回原值美和易思课堂（慕课）d
2024-09-15 18:11:46 ERROR SecurityService:230 - 该信息未加密，返回原值1821804864447971328
2024-09-15 18:11:46 ERROR SecurityService:230 - 该信息未加密，返回原值广西财经学院支付平台
2024-09-15 18:11:52 INFO  LockFrame:134 - 检测匹配
2024-09-15 18:11:52 INFO  LockFrame:152 - 密钥匹配成功2024-09-15 18:11:52
2024-09-15 18:11:54 ERROR SecurityService:230 - 该信息未加密，返回原值1821804864447971328
2024-09-15 18:11:54 ERROR SecurityService:230 - 该信息未加密，返回原值美和易思课堂（慕课）d
2024-09-15 18:11:54 ERROR SecurityService:230 - 该信息未加密，返回原值1821804864447971328
2024-09-15 18:11:54 ERROR SecurityService:230 - 该信息未加密，返回原值广西财经学院支付平台
2024-09-15 18:11:56 ERROR SecurityService:230 - 该信息未加密，返回原值1821804864447971328
2024-09-15 18:11:56 ERROR SecurityService:230 - 该信息未加密，返回原值美和易思课堂（慕课）d
2024-09-15 18:11:56 ERROR SecurityService:230 - 该信息未加密，返回原值1821804864447971328
2024-09-15 18:11:56 ERROR SecurityService:230 - 该信息未加密，返回原值广西财经学院支付平台
2024-09-15 18:11:59 ERROR SecurityService:230 - 该信息未加密，返回原值1821804864447971328
2024-09-15 18:11:59 ERROR SecurityService:230 - 该信息未加密，返回原值美和易思课堂（慕课）d
2024-09-15 18:11:59 ERROR SecurityService:230 - 该信息未加密，返回原值1821804864447971328
2024-09-15 18:11:59 ERROR SecurityService:230 - 该信息未加密，返回原值广西财经学院支付平台
2024-09-15 18:12:05 INFO  LightDao:41 - D:\Projects\idea\password-manager\src\main\resources\light_weight_data\1821804864447971328_data.xlsx
2024-09-15 18:12:06 INFO  AddFrame:272 - 新增操作成功
2024-09-15 18:12:06 ERROR SecurityService:230 - 该信息未加密，返回原值1821804864447971328
2024-09-15 18:12:06 ERROR SecurityService:230 - 该信息未加密，返回原值美和易思课堂（慕课）d
2024-09-15 18:12:06 ERROR SecurityService:230 - 该信息未加密，返回原值1821804864447971328
2024-09-15 18:12:06 ERROR SecurityService:230 - 该信息未加密，返回原值广西财经学院支付平台
2024-09-15 18:12:10 INFO  LockFrame:134 - 检测匹配
2024-09-15 18:12:10 INFO  LockFrame:152 - 密钥匹配成功2024-09-15 18:12:10
2024-09-15 18:12:11 INFO  MainFrame:336 - 鼠标移入输入框
2024-09-15 18:12:12 ERROR SecurityService:230 - 该信息未加密，返回原值1821804864447971328
2024-09-15 18:12:12 ERROR SecurityService:230 - 该信息未加密，返回原值美和易思课堂（慕课）d
2024-09-15 18:12:12 ERROR SecurityService:230 - 该信息未加密，返回原值1821804864447971328
2024-09-15 18:12:12 ERROR SecurityService:230 - 该信息未加密，返回原值广西财经学院支付平台
2024-09-15 18:12:13 ERROR SecurityService:230 - 该信息未加密，返回原值1821804864447971328
2024-09-15 18:12:13 ERROR SecurityService:230 - 该信息未加密，返回原值美和易思课堂（慕课）d
2024-09-15 18:12:13 ERROR SecurityService:230 - 该信息未加密，返回原值1821804864447971328
2024-09-15 18:12:13 ERROR SecurityService:230 - 该信息未加密，返回原值美和易思课堂（慕课）d
2024-09-15 18:12:13 ERROR SecurityService:230 - 该信息未加密，返回原值1821804864447971328
2024-09-15 18:12:13 ERROR SecurityService:230 - 该信息未加密，返回原值广西财经学院支付平台
2024-09-15 18:12:13 ERROR SecurityService:230 - 该信息未加密，返回原值1821804864447971328
2024-09-15 18:12:13 ERROR SecurityService:230 - 该信息未加密，返回原值广西财经学院支付平台
2024-09-15 18:12:13 INFO  LightService:111 - 事件并发异常（使用了线程池）
2024-09-15 18:12:13 ERROR SecurityService:230 - 该信息未加密，返回原值1821804864447971328
2024-09-15 18:12:13 ERROR SecurityService:230 - 该信息未加密，返回原值美和易思课堂（慕课）d
2024-09-15 18:12:13 ERROR SecurityService:230 - 该信息未加密，返回原值1821804864447971328
2024-09-15 18:12:13 ERROR SecurityService:230 - 该信息未加密，返回原值广西财经学院支付平台
2024-09-15 18:12:13 ERROR SecurityService:230 - 该信息未加密，返回原值1821804864447971328
2024-09-15 18:12:13 ERROR SecurityService:230 - 该信息未加密，返回原值美和易思课堂（慕课）d
2024-09-15 18:12:13 ERROR SecurityService:230 - 该信息未加密，返回原值1821804864447971328
2024-09-15 18:12:13 ERROR SecurityService:230 - 该信息未加密，返回原值广西财经学院支付平台
2024-09-15 18:12:13 ERROR SecurityService:230 - 该信息未加密，返回原值1821804864447971328
2024-09-15 18:12:13 ERROR SecurityService:230 - 该信息未加密，返回原值美和易思课堂（慕课）d
2024-09-15 18:12:13 ERROR SecurityService:230 - 该信息未加密，返回原值1821804864447971328
2024-09-15 18:12:13 ERROR SecurityService:230 - 该信息未加密，返回原值广西财经学院支付平台
2024-09-15 18:12:14 ERROR SecurityService:230 - 该信息未加密，返回原值1821804864447971328
2024-09-15 18:12:14 ERROR SecurityService:230 - 该信息未加密，返回原值美和易思课堂（慕课）d
2024-09-15 18:12:14 ERROR SecurityService:230 - 该信息未加密，返回原值1821804864447971328
2024-09-15 18:12:14 ERROR SecurityService:230 - 该信息未加密，返回原值美和易思课堂（慕课）d
2024-09-15 18:12:14 ERROR SecurityService:230 - 该信息未加密，返回原值1821804864447971328
2024-09-15 18:12:14 ERROR SecurityService:230 - 该信息未加密，返回原值广西财经学院支付平台
2024-09-15 18:12:14 ERROR SecurityService:230 - 该信息未加密，返回原值1821804864447971328
2024-09-15 18:12:14 ERROR SecurityService:230 - 该信息未加密，返回原值广西财经学院支付平台
2024-09-15 18:12:14 ERROR SecurityService:230 - 该信息未加密，返回原值1821804864447971328
2024-09-15 18:12:14 ERROR SecurityService:230 - 该信息未加密，返回原值美和易思课堂（慕课）d
2024-09-15 18:12:14 ERROR SecurityService:230 - 该信息未加密，返回原值1821804864447971328
2024-09-15 18:12:14 ERROR SecurityService:230 - 该信息未加密，返回原值广西财经学院支付平台
2024-09-15 18:12:14 ERROR SecurityService:230 - 该信息未加密，返回原值1821804864447971328
2024-09-15 18:12:14 ERROR SecurityService:230 - 该信息未加密，返回原值美和易思课堂（慕课）d
2024-09-15 18:12:14 ERROR SecurityService:230 - 该信息未加密，返回原值1821804864447971328
2024-09-15 18:12:14 ERROR SecurityService:230 - 该信息未加密，返回原值美和易思课堂（慕课）d
2024-09-15 18:12:14 ERROR SecurityService:230 - 该信息未加密，返回原值1821804864447971328
2024-09-15 18:12:14 ERROR SecurityService:230 - 该信息未加密，返回原值广西财经学院支付平台
2024-09-15 18:12:14 ERROR SecurityService:230 - 该信息未加密，返回原值1821804864447971328
2024-09-15 18:12:14 ERROR SecurityService:230 - 该信息未加密，返回原值广西财经学院支付平台
2024-09-15 18:12:14 INFO  MainFrame:287 - 回车键搜索
2024-09-15 18:12:15 INFO  MainFrame:342 - 鼠标移出输入框
2024-09-15 18:12:20 INFO  LockFrame:134 - 检测匹配
2024-09-15 18:12:20 INFO  LockFrame:152 - 密钥匹配成功2024-09-15 18:12:20
2024-09-15 18:12:21 ERROR SecurityService:230 - 该信息未加密，返回原值1821804864447971328
2024-09-15 18:12:21 ERROR SecurityService:230 - 该信息未加密，返回原值美和易思课堂（慕课）d
2024-09-15 18:12:21 ERROR SecurityService:230 - 该信息未加密，返回原值1821804864447971328
2024-09-15 18:12:21 ERROR SecurityService:230 - 该信息未加密，返回原值广西财经学院支付平台
2024-09-15 18:14:18 INFO  LockFrame:152 - 密钥匹配成功2024-09-15 18:14:18
2024-09-15 18:14:19 INFO  LightDao:27 - D:\Projects\idea\password-manager
2024-09-15 18:14:19 INFO  LightDao:41 - D:\Projects\idea\password-manager\src\main\resources\light_weight_data\1835260849850155008_data.xlsx
2024-09-15 18:14:23 INFO  LightDao:41 - D:\Projects\idea\password-manager\src\main\resources\light_weight_data\1835260849850155008_data.xlsx
2024-09-15 18:14:23 INFO  AddFrame:272 - 新增操作成功
2024-09-15 18:14:31 INFO  LockFrame:134 - 检测匹配
2024-09-15 18:14:31 INFO  LockFrame:152 - 密钥匹配成功2024-09-15 18:14:31
2024-09-15 18:15:03 INFO  LockFrame:134 - 检测匹配
2024-09-15 18:15:03 INFO  LockFrame:152 - 密钥匹配成功2024-09-15 18:15:03
2024-09-15 18:15:04 INFO  LightDao:27 - D:\Projects\idea\password-manager
2024-09-15 18:15:05 ERROR SecurityService:230 - 该信息未加密，返回原值1821804864447971328
2024-09-15 18:15:05 ERROR SecurityService:230 - 该信息未加密，返回原值美和易思课堂（慕课）d
2024-09-15 18:15:05 ERROR SecurityService:230 - 该信息未加密，返回原值1821804864447971328
2024-09-15 18:15:05 ERROR SecurityService:230 - 该信息未加密，返回原值广西财经学院支付平台
2024-09-15 18:15:09 INFO  LockFrame:152 - 密钥匹配成功2024-09-15 18:15:09
2024-09-15 18:15:15 INFO  LightDao:41 - D:\Projects\idea\password-manager\src\main\resources\light_weight_data\1821804864447971328_data.xlsx
2024-09-15 18:15:15 INFO  AddFrame:272 - 新增操作成功
2024-09-15 18:15:16 ERROR SecurityService:230 - 该信息未加密，返回原值1821804864447971328
2024-09-15 18:15:16 ERROR SecurityService:230 - 该信息未加密，返回原值美和易思课堂（慕课）d
2024-09-15 18:15:16 ERROR SecurityService:230 - 该信息未加密，返回原值1821804864447971328
2024-09-15 18:15:16 ERROR SecurityService:230 - 该信息未加密，返回原值广西财经学院支付平台
2024-09-15 18:15:20 INFO  LockFrame:134 - 检测匹配
2024-09-15 18:15:20 INFO  LockFrame:152 - 密钥匹配成功2024-09-15 18:15:20
2024-09-15 18:15:21 ERROR SecurityService:230 - 该信息未加密，返回原值1821804864447971328
2024-09-15 18:15:21 ERROR SecurityService:230 - 该信息未加密，返回原值美和易思课堂（慕课）d
2024-09-15 18:15:21 ERROR SecurityService:230 - 该信息未加密，返回原值1821804864447971328
2024-09-15 18:15:21 ERROR SecurityService:230 - 该信息未加密，返回原值广西财经学院支付平台
2024-09-15 18:17:58 INFO  LockFrame:152 - 密钥匹配成功2024-09-15 18:17:58
2024-09-15 18:18:12 INFO  LightDao:27 - D:\Projects\idea\password-manager
2024-09-15 18:18:12 INFO  LightDao:41 - D:\Projects\idea\password-manager\src\main\resources\light_weight_data\1835261769447112704_data.xlsx
2024-09-15 18:18:12 INFO  LightDao:41 - D:\Projects\idea\password-manager\src\main\resources\light_weight_data\1835261769447112704_data.xlsx
2024-09-15 18:18:12 INFO  AddFrame:272 - 新增操作成功
2024-09-15 18:18:23 INFO  MainFrame:336 - 鼠标移入输入框
2024-09-15 18:18:25 INFO  MainFrame:342 - 鼠标移出输入框
2024-09-15 18:18:29 INFO  LockFrame:134 - 检测匹配
2024-09-15 18:18:29 INFO  LockFrame:152 - 密钥匹配成功2024-09-15 18:18:29
2024-09-15 18:18:42 INFO  MainFrame:336 - 鼠标移入输入框
2024-09-15 18:18:42 INFO  MainFrame:342 - 鼠标移出输入框
2024-09-15 18:18:43 INFO  MainFrame:336 - 鼠标移入输入框
2024-09-15 18:18:44 INFO  MainFrame:287 - 回车键搜索
2024-09-15 18:18:45 INFO  MainFrame:342 - 鼠标移出输入框
2024-09-15 18:18:46 INFO  MainFrame:336 - 鼠标移入输入框
2024-09-15 18:18:46 INFO  MainFrame:287 - 回车键搜索
2024-09-15 18:18:47 INFO  MainFrame:342 - 鼠标移出输入框
2024-09-15 18:18:47 INFO  MainFrame:336 - 鼠标移入输入框
2024-09-15 18:18:48 INFO  MainFrame:287 - 回车键搜索
2024-09-15 18:18:48 INFO  MainFrame:287 - 回车键搜索
2024-09-15 18:18:48 INFO  MainFrame:287 - 回车键搜索
2024-09-15 18:18:49 INFO  MainFrame:342 - 鼠标移出输入框
2024-09-15 18:21:49 INFO  LockFrame:152 - 密钥匹配成功2024-09-15 18:21:49
2024-09-15 18:21:55 INFO  LightDao:27 - D:\Projects\idea\password-manager
2024-09-15 18:22:15 INFO  LightDao:41 - D:\Projects\idea\password-manager\src\main\resources\light_weight_data\1835262738239062016_data.xlsx
2024-09-15 18:22:20 INFO  LightDao:41 - D:\Projects\idea\password-manager\src\main\resources\light_weight_data\1835262738239062016_data.xlsx
2024-09-15 18:22:20 INFO  AddFrame:272 - 新增操作成功
2024-09-15 18:22:38 INFO  LockFrame:134 - 检测匹配
2024-09-15 18:22:38 INFO  LockFrame:152 - 密钥匹配成功2024-09-15 18:22:38
2024-09-15 18:24:42 INFO  ActiveTimeService:96 - 主界面失活2024-09-15 18:24:42
2024-09-15 18:26:18 INFO  LockFrame:134 - 检测匹配
2024-09-15 18:26:18 INFO  LockFrame:152 - 密钥匹配成功2024-09-15 18:26:18
2024-09-15 18:26:20 INFO  LightDao:27 - D:\Projects\idea\password-manager
2024-09-15 18:26:34 ERROR SecurityService:230 - 该信息未加密，返回原值1821804864447971328
2024-09-15 18:26:34 ERROR SecurityService:230 - 该信息未加密，返回原值美和易思课堂（慕课）d
2024-09-15 18:26:34 ERROR SecurityService:230 - 该信息未加密，返回原值1821804864447971328
2024-09-15 18:26:34 ERROR SecurityService:230 - 该信息未加密，返回原值广西财经学院支付平台
2024-09-15 18:26:49 INFO  LockFrame:134 - 检测匹配
2024-09-15 18:26:49 INFO  LockFrame:137 - 匹配失败，密钥文件不存在
2024-09-15 18:26:54 INFO  LockFrame:134 - 检测匹配
2024-09-15 18:26:54 INFO  LockFrame:152 - 密钥匹配成功2024-09-15 18:26:54
2024-09-15 18:26:58 ERROR SecurityService:230 - 该信息未加密，返回原值1821804864447971328
2024-09-15 18:26:58 ERROR SecurityService:230 - 该信息未加密，返回原值美和易思课堂（慕课）d
2024-09-15 18:26:58 ERROR SecurityService:230 - 该信息未加密，返回原值1821804864447971328
2024-09-15 18:26:58 ERROR SecurityService:230 - 该信息未加密，返回原值广西财经学院支付平台
2024-09-15 18:27:00 ERROR SecurityService:230 - 该信息未加密，返回原值1821804864447971328
2024-09-15 18:27:00 ERROR SecurityService:230 - 该信息未加密，返回原值美和易思课堂（慕课）d
2024-09-15 18:27:00 ERROR SecurityService:230 - 该信息未加密，返回原值1821804864447971328
2024-09-15 18:27:00 ERROR SecurityService:230 - 该信息未加密，返回原值广西财经学院支付平台
2024-09-15 18:29:09 INFO  ActiveTimeService:96 - 主界面失活2024-09-15 18:29:09
2024-09-15 18:31:09 INFO  LockFrame:152 - 密钥匹配成功2024-09-15 18:31:09
2024-09-15 18:31:10 INFO  LightDao:27 - D:\Projects\idea\password-manager
2024-09-15 18:31:10 INFO  LightDao:56 - D:\Projects\idea\password-manager\src\main\resources\light_weight_data\1835265088471171072_data.xlsx
2024-09-15 18:31:17 INFO  LightDao:56 - D:\Projects\idea\password-manager\src\main\resources\light_weight_data\1835265088471171072_data.xlsx
2024-09-15 18:31:17 INFO  AddFrame:272 - 新增操作成功
2024-09-15 18:31:29 INFO  LockFrame:152 - 密钥匹配成功2024-09-15 18:31:29
2024-09-15 18:31:35 INFO  LightDao:56 - D:\Projects\idea\password-manager\src\main\resources\light_weight_data\1835265088471171072_data.xlsx
2024-09-15 18:31:35 INFO  AddFrame:272 - 新增操作成功
2024-09-15 18:31:40 INFO  LockFrame:134 - 检测匹配
2024-09-15 18:31:40 INFO  LockFrame:152 - 密钥匹配成功2024-09-15 18:31:40
2024-09-15 18:31:50 INFO  LockFrame:134 - 检测匹配
2024-09-15 18:31:50 INFO  LockFrame:152 - 密钥匹配成功2024-09-15 18:31:50
2024-09-15 18:31:51 INFO  LightDao:27 - D:\Projects\idea\password-manager
2024-09-15 18:31:51 INFO  LightDao:56 - D:\Projects\idea\password-manager\src\main\resources\light_weight_data\1835265174081110016_data.xlsx
2024-09-15 18:35:35 INFO  LockFrame:134 - 检测匹配
2024-09-15 18:35:35 INFO  LockFrame:152 - 密钥匹配成功2024-09-15 18:35:35
2024-09-15 18:35:36 INFO  LightDao:27 - D:\Projects\idea\password-manager
2024-09-15 18:35:36 INFO  MainFrame:336 - 鼠标移入输入框
2024-09-15 18:35:37 INFO  MainFrame:342 - 鼠标移出输入框
2024-09-15 18:35:40 INFO  LockFrame:134 - 检测匹配
2024-09-15 18:35:40 INFO  LockFrame:152 - 密钥匹配成功2024-09-15 18:35:40
2024-09-15 18:47:18 INFO  LightDao:38 - D:\Projects\idea\password-manager
2024-09-15 18:47:18 INFO  LightDao:38 - D:\Projects\idea\password-manager
2024-09-15 18:47:18 INFO  LockFrame:152 - 密钥匹配成功2024-09-15 18:47:18
2024-09-15 18:47:22 INFO  LightDao:51 - D:\Projects\idea\password-manager\src\main\resources\light_weight_data\1835269154148450304_data.xlsx
2024-09-15 18:47:22 INFO  LightDao:51 - D:\Projects\idea\password-manager\src\main\resources\light_weight_data\1835269154148450304_data.xlsx
2024-09-15 18:47:22 INFO  AddFrame:272 - 新增操作成功
2024-09-15 18:47:28 INFO  LockFrame:134 - 检测匹配
2024-09-15 18:47:28 INFO  LockFrame:137 - 匹配失败，密钥文件不存在
2024-09-15 18:47:31 INFO  LightDao:38 - D:\Projects\idea\password-manager
2024-09-15 18:47:31 INFO  LockFrame:152 - 密钥匹配成功2024-09-15 18:47:31
2024-09-15 18:47:32 INFO  LightDao:51 - D:\Projects\idea\password-manager\src\main\resources\light_weight_data\1835269206086516736_data.xlsx
2024-09-15 18:47:36 INFO  LightDao:51 - D:\Projects\idea\password-manager\src\main\resources\light_weight_data\1835269206086516736_data.xlsx
2024-09-15 18:47:36 INFO  AddFrame:272 - 新增操作成功
2024-09-15 18:47:36 ERROR SecurityService:233 - 该信息未加密，返回原值null
2024-09-15 18:47:40 INFO  LockFrame:134 - 检测匹配
2024-09-15 18:47:40 INFO  LightDao:38 - D:\Projects\idea\password-manager
2024-09-15 18:47:40 INFO  LockFrame:152 - 密钥匹配成功2024-09-15 18:47:40
2024-09-15 18:47:47 INFO  LockFrame:134 - 检测匹配
2024-09-15 18:47:47 INFO  LightDao:38 - D:\Projects\idea\password-manager
2024-09-15 18:47:47 INFO  LockFrame:152 - 密钥匹配成功2024-09-15 18:47:47
2024-09-15 18:47:53 INFO  LockFrame:134 - 检测匹配
2024-09-15 18:47:53 INFO  LightDao:38 - D:\Projects\idea\password-manager
2024-09-15 18:47:53 INFO  LightDao:38 - D:\Projects\idea\password-manager
2024-09-15 18:47:53 INFO  LockFrame:152 - 密钥匹配成功2024-09-15 18:47:53
2024-09-15 18:48:06 INFO  LockFrame:134 - 检测匹配
2024-09-15 18:48:06 INFO  LightDao:38 - D:\Projects\idea\password-manager
2024-09-15 18:48:06 INFO  LockFrame:152 - 密钥匹配成功2024-09-15 18:48:06
2024-09-15 18:48:11 INFO  LockFrame:134 - 检测匹配
2024-09-15 18:48:11 INFO  LightDao:38 - D:\Projects\idea\password-manager
2024-09-15 18:48:11 INFO  LockFrame:152 - 密钥匹配成功2024-09-15 18:48:11
2024-09-15 18:48:12 ERROR SecurityService:233 - 该信息未加密，返回原值1821804864447971328
2024-09-15 18:48:12 ERROR SecurityService:233 - 该信息未加密，返回原值美和易思课堂（慕课）d
2024-09-15 18:48:12 ERROR SecurityService:233 - 该信息未加密，返回原值1821804864447971328
2024-09-15 18:48:12 ERROR SecurityService:233 - 该信息未加密，返回原值广西财经学院支付平台
2024-09-15 18:49:44 INFO  LockFrame:134 - 检测匹配
2024-09-15 18:49:44 INFO  LockFrame:137 - 匹配失败，密钥文件不存在
2024-09-15 18:49:47 INFO  LockFrame:152 - 密钥匹配成功2024-09-15 18:49:47
2024-09-15 18:49:52 INFO  LightDao:38 - D:\Projects\idea\password-manager
2024-09-15 18:49:52 INFO  LightDao:51 - D:\Projects\idea\password-manager\src\main\resources\light_weight_data\1835269779858915328_data.xlsx
2024-09-15 18:49:52 INFO  LightDao:51 - D:\Projects\idea\password-manager\src\main\resources\light_weight_data\1835269779858915328_data.xlsx
2024-09-15 18:49:52 INFO  AddFrame:272 - 新增操作成功
2024-09-15 18:49:57 INFO  LockFrame:134 - 检测匹配
2024-09-15 18:49:57 INFO  LockFrame:137 - 匹配失败，密钥文件不存在
2024-09-15 18:50:00 INFO  LockFrame:152 - 密钥匹配成功2024-09-15 18:50:00
2024-09-15 18:50:05 INFO  LightDao:51 - D:\Projects\idea\password-manager\src\main\resources\light_weight_data\1835269779858915328_data.xlsx
2024-09-15 18:50:05 INFO  AddFrame:272 - 新增操作成功
2024-09-15 18:50:06 ERROR SecurityService:233 - 该信息未加密，返回原值null
2024-09-15 18:50:18 INFO  LockFrame:134 - 检测匹配
2024-09-15 18:50:18 INFO  LightDao:38 - D:\Projects\idea\password-manager
2024-09-15 18:50:18 INFO  LightDao:38 - D:\Projects\idea\password-manager
2024-09-15 18:50:18 INFO  LockFrame:152 - 密钥匹配成功2024-09-15 18:50:18
2024-09-15 18:50:19 INFO  LightDao:51 - D:\Projects\idea\password-manager\src\main\resources\light_weight_data\1835269831616626688_data.xlsx
